  [1m[35m (9144.2ms)[0m  [1m[35mCREATE DATABASE "react_stripe_dashboard_api_development" ENCODING = 'unicode'[0m
  [1m[35m (8818.7ms)[0m  [1m[35mCREATE DATABASE "react_stripe_dashboard_api_test" ENCODING = 'unicode'[0m
  [1m[35m (6891.0ms)[0m  [1m[35mCREATE TABLE "schema_migrations" ("version" character varying NOT NULL PRIMARY KEY)[0m
  [1m[35m (135.7ms)[0m  [1m[35mCREATE TABLE "ar_internal_metadata" ("key" character varying NOT NULL PRIMARY KEY, "value" character varying, "created_at" timestamp(6) NOT NULL, "updated_at" timestamp(6) NOT NULL)[0m
  [1m[35m (85.2ms)[0m  [1m[34mSELECT pg_try_advisory_lock(4814899629542023665)[0m
  [1m[35m (120.1ms)[0m  [1m[34mSELECT "schema_migrations"."version" FROM "schema_migrations" ORDER BY "schema_migrations"."version" ASC[0m
Migrating to CreateSessions (20190808190054)
  [1m[35m (0.2ms)[0m  [1m[35mBEGIN[0m
  [1m[35m (682.0ms)[0m  [1m[35mCREATE TABLE "sessions" ("id" bigserial primary key, "name" character varying, "type" character varying, "length" integer, "trainer" character varying, "img_url" character varying, "description" character varying, "created_at" timestamp(6) NOT NULL, "updated_at" timestamp(6) NOT NULL)[0m
  [1m[36mprimary::SchemaMigration Create (806.2ms)[0m  [1m[32mINSERT INTO "schema_migrations" ("version") VALUES ($1) RETURNING "version"[0m  [["version", "20190808190054"]]
  [1m[35m (2.5ms)[0m  [1m[35mCOMMIT[0m
Migrating to CreateUsers (20190808190402)
  [1m[35m (0.4ms)[0m  [1m[35mBEGIN[0m
  [1m[35m (28.3ms)[0m  [1m[35mCREATE TABLE "users" ("id" bigserial primary key, "first_name" character varying, "last_name" character varying, "email" character varying, "username" character varying, "password" character varying, "created_at" timestamp(6) NOT NULL, "updated_at" timestamp(6) NOT NULL)[0m
  [1m[36mprimary::SchemaMigration Create (0.3ms)[0m  [1m[32mINSERT INTO "schema_migrations" ("version") VALUES ($1) RETURNING "version"[0m  [["version", "20190808190402"]]
  [1m[35m (0.7ms)[0m  [1m[35mCOMMIT[0m
  [1m[36mActiveRecord::InternalMetadata Load (0.5ms)[0m  [1m[34mSELECT "ar_internal_metadata".* FROM "ar_internal_metadata" WHERE "ar_internal_metadata"."key" = $1 LIMIT $2[0m  [["key", "environment"], ["LIMIT", 1]]
  [1m[35m (0.2ms)[0m  [1m[35mBEGIN[0m
  [1m[36mActiveRecord::InternalMetadata Create (80.8ms)[0m  [1m[32mINSERT INTO "ar_internal_metadata" ("key", "value", "created_at", "updated_at") VALUES ($1, $2, $3, $4) RETURNING "key"[0m  [["key", "environment"], ["value", "development"], ["created_at", "2019-08-08 19:07:32.194879"], ["updated_at", "2019-08-08 19:07:32.194879"]]
  [1m[35m (20.1ms)[0m  [1m[35mCOMMIT[0m
  [1m[35m (0.3ms)[0m  [1m[34mSELECT pg_advisory_unlock(4814899629542023665)[0m
  [1m[35m (0.9ms)[0m  [1m[34mSELECT "schema_migrations"."version" FROM "schema_migrations" ORDER BY "schema_migrations"."version" ASC[0m
DEPRECATION WARNING: warning: white_list_sanitizer isdeprecated, please use safe_list_sanitizer instead. (called from <top (required)> at /Users/g360home/Documents/reactDashboard/react_stripe_dashboard_api/app/controllers/application_controller.rb:1)
  [1m[35m (0.8ms)[0m  [1m[34mSELECT "schema_migrations"."version" FROM "schema_migrations" ORDER BY "schema_migrations"."version" ASC[0m
  [1m[35m (0.2ms)[0m  [1m[35mBEGIN[0m
  [1m[36mSession Create (166.9ms)[0m  [1m[32mINSERT INTO "sessions" ("created_at", "updated_at") VALUES ($1, $2) RETURNING "id"[0m  [["created_at", "2019-08-08 19:41:17.864076"], ["updated_at", "2019-08-08 19:41:17.864076"]]
  [1m[35m (0.9ms)[0m  [1m[35mCOMMIT[0m
  [1m[35m (23.8ms)[0m  [1m[34mSELECT "schema_migrations"."version" FROM "schema_migrations" ORDER BY "schema_migrations"."version" ASC[0m
  [1m[35m (0.7ms)[0m  [1m[34mSELECT "schema_migrations"."version" FROM "schema_migrations" ORDER BY "schema_migrations"."version" ASC[0m
  [1m[35m (0.8ms)[0m  [1m[34mSELECT "schema_migrations"."version" FROM "schema_migrations" ORDER BY "schema_migrations"."version" ASC[0m
  [1m[35m (1.0ms)[0m  [1m[34mSELECT "schema_migrations"."version" FROM "schema_migrations" ORDER BY "schema_migrations"."version" ASC[0m
  [1m[35m (0.7ms)[0m  [1m[34mSELECT "schema_migrations"."version" FROM "schema_migrations" ORDER BY "schema_migrations"."version" ASC[0m
  [1m[35m (0.2ms)[0m  [1m[35mBEGIN[0m
  [1m[36mSession Create (0.8ms)[0m  [1m[32mINSERT INTO "sessions" ("name", "created_at", "updated_at") VALUES ($1, $2, $3) RETURNING "id"[0m  [["name", "Night Time Yoga"], ["created_at", "2019-08-08 19:52:43.971317"], ["updated_at", "2019-08-08 19:52:43.971317"]]
  [1m[35m (43.2ms)[0m  [1m[35mCOMMIT[0m
  [1m[36mSession Load (198.4ms)[0m  [1m[34mSELECT "sessions".* FROM "sessions" LIMIT $1[0m  [["LIMIT", 11]]
  [1m[35m (0.7ms)[0m  [1m[34mSELECT "schema_migrations"."version" FROM "schema_migrations" ORDER BY "schema_migrations"."version" ASC[0m
  [1m[35m (75.4ms)[0m  [1m[34mSELECT "ar_internal_metadata"."value" FROM "ar_internal_metadata" WHERE "ar_internal_metadata"."key" = $1[0m  [["key", "environment"]]
  [1m[35m (0.2ms)[0m  [1m[34mSELECT "schema_migrations"."version" FROM "schema_migrations" ORDER BY "schema_migrations"."version" ASC[0m
  [1m[35m (0.2ms)[0m  [1m[34mSELECT "ar_internal_metadata"."value" FROM "ar_internal_metadata" WHERE "ar_internal_metadata"."key" = $1[0m  [["key", "environment"]]
  [1m[35m (0.3ms)[0m  [1m[34mSELECT "schema_migrations"."version" FROM "schema_migrations" ORDER BY "schema_migrations"."version" ASC[0m
  [1m[35m (0.2ms)[0m  [1m[34mSELECT "ar_internal_metadata"."value" FROM "ar_internal_metadata" WHERE "ar_internal_metadata"."key" = $1[0m  [["key", "environment"]]
  [1m[35m (5123.3ms)[0m  [1m[35mDROP DATABASE IF EXISTS "react_stripe_dashboard_api_development"[0m
  [1m[35m (0.7ms)[0m  [1m[34mSELECT "schema_migrations"."version" FROM "schema_migrations" ORDER BY "schema_migrations"."version" ASC[0m
  [1m[35m (0.4ms)[0m  [1m[34mSELECT "ar_internal_metadata"."value" FROM "ar_internal_metadata" WHERE "ar_internal_metadata"."key" = $1[0m  [["key", "environment"]]
  [1m[35m (0.2ms)[0m  [1m[34mSELECT "schema_migrations"."version" FROM "schema_migrations" ORDER BY "schema_migrations"."version" ASC[0m
  [1m[35m (0.2ms)[0m  [1m[34mSELECT "ar_internal_metadata"."value" FROM "ar_internal_metadata" WHERE "ar_internal_metadata"."key" = $1[0m  [["key", "environment"]]
  [1m[35m (0.2ms)[0m  [1m[34mSELECT "schema_migrations"."version" FROM "schema_migrations" ORDER BY "schema_migrations"."version" ASC[0m
  [1m[35m (0.2ms)[0m  [1m[34mSELECT "ar_internal_metadata"."value" FROM "ar_internal_metadata" WHERE "ar_internal_metadata"."key" = $1[0m  [["key", "environment"]]
  [1m[35m (471.9ms)[0m  [1m[35mDROP DATABASE IF EXISTS "react_stripe_dashboard_api_development"[0m
  [1m[35m (174.9ms)[0m  [1m[35mDROP DATABASE IF EXISTS "react_stripe_dashboard_api_test"[0m
  [1m[35m (2862.0ms)[0m  [1m[35mCREATE DATABASE "react_stripe_dashboard_api_development" ENCODING = 'unicode'[0m
  [1m[35m (771.7ms)[0m  [1m[35mCREATE DATABASE "react_stripe_dashboard_api_test" ENCODING = 'unicode'[0m
  [1m[35mSQL (50.9ms)[0m  [1m[35mCREATE EXTENSION IF NOT EXISTS "plpgsql"[0m
  [1m[35m (0.5ms)[0m  [1m[35mDROP TABLE IF EXISTS "sessions" CASCADE[0m
  [1m[35m (8.4ms)[0m  [1m[35mCREATE TABLE "sessions" ("id" bigserial primary key, "name" character varying, "type" character varying, "length" integer, "trainer" character varying, "img_url" character varying, "description" character varying, "created_at" timestamp(6) NOT NULL, "updated_at" timestamp(6) NOT NULL)[0m
  [1m[35m (0.4ms)[0m  [1m[35mDROP TABLE IF EXISTS "users" CASCADE[0m
  [1m[35m (3.4ms)[0m  [1m[35mCREATE TABLE "users" ("id" bigserial primary key, "first_name" character varying, "last_name" character varying, "email" character varying, "username" character varying, "password" character varying, "created_at" timestamp(6) NOT NULL, "updated_at" timestamp(6) NOT NULL)[0m
  [1m[35m (3.7ms)[0m  [1m[35mCREATE TABLE "schema_migrations" ("version" character varying NOT NULL PRIMARY KEY)[0m
  [1m[35m (0.5ms)[0m  [1m[34mSELECT "schema_migrations"."version" FROM "schema_migrations" ORDER BY "schema_migrations"."version" ASC[0m
  [1m[35m (1.0ms)[0m  [1m[32mINSERT INTO "schema_migrations" (version) VALUES (20190808190402)[0m
  [1m[35m (1.0ms)[0m  [1m[32mINSERT INTO "schema_migrations" (version) VALUES
(20190808190054);

[0m
  [1m[35m (3.3ms)[0m  [1m[35mCREATE TABLE "ar_internal_metadata" ("key" character varying NOT NULL PRIMARY KEY, "value" character varying, "created_at" timestamp(6) NOT NULL, "updated_at" timestamp(6) NOT NULL)[0m
  [1m[36mActiveRecord::InternalMetadata Load (0.4ms)[0m  [1m[34mSELECT "ar_internal_metadata".* FROM "ar_internal_metadata" WHERE "ar_internal_metadata"."key" = $1 LIMIT $2[0m  [["key", "environment"], ["LIMIT", 1]]
  [1m[35m (0.2ms)[0m  [1m[35mBEGIN[0m
  [1m[36mActiveRecord::InternalMetadata Create (0.6ms)[0m  [1m[32mINSERT INTO "ar_internal_metadata" ("key", "value", "created_at", "updated_at") VALUES ($1, $2, $3, $4) RETURNING "key"[0m  [["key", "environment"], ["value", "development"], ["created_at", "2019-08-08 19:56:16.607124"], ["updated_at", "2019-08-08 19:56:16.607124"]]
  [1m[35m (0.6ms)[0m  [1m[35mCOMMIT[0m
  [1m[36mActiveRecord::InternalMetadata Load (0.2ms)[0m  [1m[34mSELECT "ar_internal_metadata".* FROM "ar_internal_metadata" WHERE "ar_internal_metadata"."key" = $1 LIMIT $2[0m  [["key", "environment"], ["LIMIT", 1]]
  [1m[35mSQL (0.4ms)[0m  [1m[35mCREATE EXTENSION IF NOT EXISTS "plpgsql"[0m
  [1m[35m (0.2ms)[0m  [1m[35mDROP TABLE IF EXISTS "sessions" CASCADE[0m
  [1m[35m (8.0ms)[0m  [1m[35mCREATE TABLE "sessions" ("id" bigserial primary key, "name" character varying, "type" character varying, "length" integer, "trainer" character varying, "img_url" character varying, "description" character varying, "created_at" timestamp(6) NOT NULL, "updated_at" timestamp(6) NOT NULL)[0m
  [1m[35m (0.4ms)[0m  [1m[35mDROP TABLE IF EXISTS "users" CASCADE[0m
  [1m[35m (4.6ms)[0m  [1m[35mCREATE TABLE "users" ("id" bigserial primary key, "first_name" character varying, "last_name" character varying, "email" character varying, "username" character varying, "password" character varying, "created_at" timestamp(6) NOT NULL, "updated_at" timestamp(6) NOT NULL)[0m
  [1m[35m (3.4ms)[0m  [1m[35mCREATE TABLE "schema_migrations" ("version" character varying NOT NULL PRIMARY KEY)[0m
  [1m[35m (0.5ms)[0m  [1m[34mSELECT "schema_migrations"."version" FROM "schema_migrations" ORDER BY "schema_migrations"."version" ASC[0m
  [1m[35m (1.0ms)[0m  [1m[32mINSERT INTO "schema_migrations" (version) VALUES (20190808190402)[0m
  [1m[35m (1.3ms)[0m  [1m[32mINSERT INTO "schema_migrations" (version) VALUES
(20190808190054);

[0m
  [1m[35m (3.3ms)[0m  [1m[35mCREATE TABLE "ar_internal_metadata" ("key" character varying NOT NULL PRIMARY KEY, "value" character varying, "created_at" timestamp(6) NOT NULL, "updated_at" timestamp(6) NOT NULL)[0m
  [1m[36mActiveRecord::InternalMetadata Load (0.4ms)[0m  [1m[34mSELECT "ar_internal_metadata".* FROM "ar_internal_metadata" WHERE "ar_internal_metadata"."key" = $1 LIMIT $2[0m  [["key", "environment"], ["LIMIT", 1]]
  [1m[35m (0.2ms)[0m  [1m[35mBEGIN[0m
  [1m[36mActiveRecord::InternalMetadata Create (0.5ms)[0m  [1m[32mINSERT INTO "ar_internal_metadata" ("key", "value", "created_at", "updated_at") VALUES ($1, $2, $3, $4) RETURNING "key"[0m  [["key", "environment"], ["value", "development"], ["created_at", "2019-08-08 19:56:16.680617"], ["updated_at", "2019-08-08 19:56:16.680617"]]
  [1m[35m (0.6ms)[0m  [1m[35mCOMMIT[0m
  [1m[36mActiveRecord::InternalMetadata Load (0.3ms)[0m  [1m[34mSELECT "ar_internal_metadata".* FROM "ar_internal_metadata" WHERE "ar_internal_metadata"."key" = $1 LIMIT $2[0m  [["key", "environment"], ["LIMIT", 1]]
  [1m[35m (0.2ms)[0m  [1m[35mBEGIN[0m
  [1m[36mActiveRecord::InternalMetadata Update (47.9ms)[0m  [1m[33mUPDATE "ar_internal_metadata" SET "value" = $1, "updated_at" = $2 WHERE "ar_internal_metadata"."key" = $3[0m  [["value", "test"], ["updated_at", "2019-08-08 19:56:16.688635"], ["key", "environment"]]
  [1m[35m (0.5ms)[0m  [1m[35mCOMMIT[0m
  [1m[35m (0.7ms)[0m  [1m[34mSELECT "schema_migrations"."version" FROM "schema_migrations" ORDER BY "schema_migrations"."version" ASC[0m
  [1m[35m (0.6ms)[0m  [1m[34mSELECT "schema_migrations"."version" FROM "schema_migrations" ORDER BY "schema_migrations"."version" ASC[0m
  [1m[35m (0.6ms)[0m  [1m[34mSELECT "schema_migrations"."version" FROM "schema_migrations" ORDER BY "schema_migrations"."version" ASC[0m
  [1m[35m (25.5ms)[0m  [1m[34mSELECT pg_try_advisory_lock(4814899629542023665)[0m
  [1m[35m (7.6ms)[0m  [1m[34mSELECT "schema_migrations"."version" FROM "schema_migrations" ORDER BY "schema_migrations"."version" ASC[0m
Migrating to RenameColumnTypeToModality (20190808195941)
  [1m[35m (8.4ms)[0m  [1m[34mSELECT pg_advisory_unlock(4814899629542023665)[0m
  [1m[35m (0.2ms)[0m  [1m[34mSELECT pg_try_advisory_lock(4814899629542023665)[0m
  [1m[35m (0.7ms)[0m  [1m[34mSELECT "schema_migrations"."version" FROM "schema_migrations" ORDER BY "schema_migrations"."version" ASC[0m
Migrating to RenameColumnTypeToModality (20190808195941)
  [1m[35m (0.2ms)[0m  [1m[35mBEGIN[0m
  [1m[35m (100.5ms)[0m  [1m[35mALTER TABLE "sessions" RENAME COLUMN "type" TO "modality"[0m
  [1m[36mprimary::SchemaMigration Create (38.8ms)[0m  [1m[32mINSERT INTO "schema_migrations" ("version") VALUES ($1) RETURNING "version"[0m  [["version", "20190808195941"]]
  [1m[35m (0.7ms)[0m  [1m[35mCOMMIT[0m
  [1m[36mActiveRecord::InternalMetadata Load (0.4ms)[0m  [1m[34mSELECT "ar_internal_metadata".* FROM "ar_internal_metadata" WHERE "ar_internal_metadata"."key" = $1 LIMIT $2[0m  [["key", "environment"], ["LIMIT", 1]]
  [1m[35m (0.3ms)[0m  [1m[34mSELECT pg_advisory_unlock(4814899629542023665)[0m
  [1m[35m (0.6ms)[0m  [1m[34mSELECT "schema_migrations"."version" FROM "schema_migrations" ORDER BY "schema_migrations"."version" ASC[0m
  [1m[35m (0.6ms)[0m  [1m[34mSELECT "schema_migrations"."version" FROM "schema_migrations" ORDER BY "schema_migrations"."version" ASC[0m
  [1m[35m (0.2ms)[0m  [1m[35mBEGIN[0m
  [1m[36mSession Create (56.3ms)[0m  [1m[32mINSERT INTO "sessions" ("name", "modality", "length", "trainer", "img_url", "description", "created_at", "updated_at") VALUES ($1, $2, $3, $4, $5, $6, $7, $8) RETURNING "id"[0m  [["name", "Night Time Yoga"], ["modality", "Yoga"], ["length", 30], ["trainer", "Michelle LeMay"], ["img_url", "https://c.ndtvimg.com//yoga_625x300_1529482160763.jpg"], ["description", "Night time yoga that prepares for you a great nights sleep"], ["created_at", "2019-08-08 20:04:12.778094"], ["updated_at", "2019-08-08 20:04:12.778094"]]
  [1m[35m (0.7ms)[0m  [1m[35mCOMMIT[0m
  [1m[35m (0.2ms)[0m  [1m[35mBEGIN[0m
  [1m[36mSession Create (0.3ms)[0m  [1m[32mINSERT INTO "sessions" ("name", "modality", "length", "trainer", "img_url", "description", "created_at", "updated_at") VALUES ($1, $2, $3, $4, $5, $6, $7, $8) RETURNING "id"[0m  [["name", "Shake That Bootie"], ["modality", "Fitness"], ["length", 45], ["trainer", "Madona Grimes"], ["img_url", "https://ae01.alicdn.com/kf/HTB1gixqqpuWBuNjSszbq6AS7FXaU/FRECICI-Sexy-Flaws-Textured-Booty-Leggings-High-Waist-Flaws-Booty-Tights-Workout-Fitness-Sports-Pants-Push.jpg_640x640.jpg"], ["description", "The Butt workkout of a lifetime"], ["created_at", "2019-08-08 20:04:12.839595"], ["updated_at", "2019-08-08 20:04:12.839595"]]
  [1m[35m (0.6ms)[0m  [1m[35mCOMMIT[0m
  [1m[35m (0.2ms)[0m  [1m[35mBEGIN[0m
  [1m[36mSession Create (0.4ms)[0m  [1m[32mINSERT INTO "sessions" ("name", "modality", "length", "trainer", "img_url", "description", "created_at", "updated_at") VALUES ($1, $2, $3, $4, $5, $6, $7, $8) RETURNING "id"[0m  [["name", "Dance Hop Pop"], ["modality", "Dance"], ["length", 30], ["trainer", "Michelle LeMay"], ["img_url", "http://www.heroymusic.com/wp-content/uploads/2018/01/Dance-Pop-1024x524-3000x3000.jpg"], ["description", "Hip Hop & Pop fusion"], ["created_at", "2019-08-08 20:04:12.844399"], ["updated_at", "2019-08-08 20:04:12.844399"]]
  [1m[35m (0.6ms)[0m  [1m[35mCOMMIT[0m
  [1m[35m (0.2ms)[0m  [1m[35mBEGIN[0m
  [1m[36mSession Create (0.3ms)[0m  [1m[32mINSERT INTO "sessions" ("name", "modality", "length", "trainer", "img_url", "description", "created_at", "updated_at") VALUES ($1, $2, $3, $4, $5, $6, $7, $8) RETURNING "id"[0m  [["name", "Meditate Feel Great"], ["modality", "Meditation"], ["length", 30], ["trainer", "David Romero"], ["img_url", "https://cdn.searchenginejournal.com/wp-content/uploads/2019/06/how-to-build-grit-with-meditation-760x400.png"], ["description", "Gong your way to a calm mind"], ["created_at", "2019-08-08 20:04:12.849477"], ["updated_at", "2019-08-08 20:04:12.849477"]]
  [1m[35m (0.7ms)[0m  [1m[35mCOMMIT[0m
  [1m[35m (0.2ms)[0m  [1m[35mBEGIN[0m
  [1m[36mSession Create (0.4ms)[0m  [1m[32mINSERT INTO "sessions" ("name", "modality", "length", "trainer", "img_url", "description", "created_at", "updated_at") VALUES ($1, $2, $3, $4, $5, $6, $7, $8) RETURNING "id"[0m  [["name", "Dance Party Mania"], ["modality", "Dance"], ["length", 90], ["trainer", "Michelle LeMay"], ["img_url", "https://campusrec.fsu.edu/wp-content/uploads/2019/02/dance.jpg"], ["description", "Live dj dance party in cyberspace"], ["created_at", "2019-08-08 20:04:12.854225"], ["updated_at", "2019-08-08 20:04:12.854225"]]
  [1m[35m (0.5ms)[0m  [1m[35mCOMMIT[0m
  [1m[35m (0.2ms)[0m  [1m[35mBEGIN[0m
  [1m[36mSession Create (0.3ms)[0m  [1m[32mINSERT INTO "sessions" ("name", "modality", "length", "trainer", "img_url", "description", "created_at", "updated_at") VALUES ($1, $2, $3, $4, $5, $6, $7, $8) RETURNING "id"[0m  [["name", "Crush Work Yoga"], ["modality", "Yoga"], ["length", 60], ["trainer", "Michelle LeMay"], ["img_url", "http://mpoweryogastudio.com/wp-content/uploads/2014/04/hero-update-1.jpg"], ["description", "Get fired up and get your day started"], ["created_at", "2019-08-08 20:04:12.858798"], ["updated_at", "2019-08-08 20:04:12.858798"]]
  [1m[35m (0.6ms)[0m  [1m[35mCOMMIT[0m
  [1m[35m (0.2ms)[0m  [1m[35mBEGIN[0m
  [1m[36mSession Create (0.4ms)[0m  [1m[32mINSERT INTO "sessions" ("name", "modality", "length", "trainer", "img_url", "description", "created_at", "updated_at") VALUES ($1, $2, $3, $4, $5, $6, $7, $8) RETURNING "id"[0m  [["name", "Spank Them Abs"], ["modality", "Fitness"], ["length", 20], ["trainer", "Madona Grimes"], ["img_url", "https://static.onecms.io/wp-content/uploads/sites/35/2019/07/16185123/woman-doing-best-obliques-exercises-ab-workout.jpg"], ["description", "The ab workout that creates ripples"], ["created_at", "2019-08-08 20:04:12.863405"], ["updated_at", "2019-08-08 20:04:12.863405"]]
  [1m[35m (0.7ms)[0m  [1m[35mCOMMIT[0m
  [1m[36mSession Load (0.4ms)[0m  [1m[34mSELECT "sessions".* FROM "sessions" LIMIT $1[0m  [["LIMIT", 11]]
DEPRECATION WARNING: warning: white_list_sanitizer isdeprecated, please use safe_list_sanitizer instead. (called from block in <module:ContentHelper> at /Users/g360home/.rbenv/versions/2.5.5/lib/ruby/gems/2.5.0/gems/actiontext-6.0.0.rc2/app/helpers/action_text/content_helper.rb:7)
Started GET "/sessions" for ::1 at 2019-08-08 13:05:40 -0700
  [1m[35m (0.7ms)[0m  [1m[34mSELECT "schema_migrations"."version" FROM "schema_migrations" ORDER BY "schema_migrations"."version" ASC[0m
Processing by SessionsController#index as */*
  [1m[36mSession Load (0.7ms)[0m  [1m[34mSELECT "sessions".* FROM "sessions"[0m
  ↳ app/controllers/sessions_controller.rb:8:in `index'
Completed 200 OK in 141ms (Views: 131.4ms | ActiveRecord: 7.4ms | Allocations: 9372)


Started GET "/" for ::1 at 2019-08-08 13:06:17 -0700
Processing by Rails::WelcomeController#index as HTML
  Rendering /Users/g360home/.rbenv/versions/2.5.5/lib/ruby/gems/2.5.0/gems/railties-6.0.0.rc2/lib/rails/templates/rails/welcome/index.html.erb
  Rendered /Users/g360home/.rbenv/versions/2.5.5/lib/ruby/gems/2.5.0/gems/railties-6.0.0.rc2/lib/rails/templates/rails/welcome/index.html.erb (Duration: 299.3ms | Allocations: 485)
Completed 200 OK in 587ms (Views: 519.3ms | ActiveRecord: 0.0ms | Allocations: 2645)


Started GET "/sessions" for ::1 at 2019-08-08 13:06:27 -0700
Processing by SessionsController#index as HTML
  [1m[36mSession Load (1.2ms)[0m  [1m[34mSELECT "sessions".* FROM "sessions"[0m
  ↳ app/controllers/sessions_controller.rb:8:in `index'
Completed 200 OK in 8ms (Views: 6.5ms | ActiveRecord: 1.2ms | Allocations: 2176)


Started GET "/" for ::1 at 2019-08-08 13:19:16 -0700
  
SyntaxError (/Users/g360home/Documents/reactDashboard/react_stripe_dashboard_api/app/controllers/welcome_controller.rb:4: syntax error, unexpected end-of-input, expecting keyword_end):
  
app/controllers/welcome_controller.rb:4: syntax error, unexpected end-of-input, expecting keyword_end
app/controllers/welcome_controller.rb:4: syntax error, unexpected end-of-input, expecting keyword_end
Started GET "/" for ::1 at 2019-08-08 13:19:33 -0700
Processing by WelcomeController#index as HTML
Completed 200 OK in 1ms (Views: 0.4ms | ActiveRecord: 0.0ms | Allocations: 146)


